15:40:32.484  INFO  manager.ApplicationManager - All tests run in 'CHROME' browser
15:40:34.509  INFO  manager.ApplicationManager - Current Url ---> https://contacts-app.tobbymarshall815.vercel.app/home
15:40:34.547  INFO  tests.TestBase - Start method with name -->loginSuccess
15:40:34.554  INFO  manager.MyListener - Before Find Element by locator -->By.xpath: //button[text()='Sign Out']
15:40:39.605  INFO  manager.MyListener - After Find Element by locatorBy.xpath: //button[text()='Sign Out']
15:40:40.215  INFO  manager.MyListener - Before Find Element by locator -->By.xpath: //button[text()='Sign Out']
15:40:45.260  INFO  manager.MyListener - After Find Element by locatorBy.xpath: //button[text()='Sign Out']
15:40:45.270  INFO  tests.TestBase - Start method with name -->registrationSuccess
15:40:45.271  INFO  manager.MyListener - Before Find Element by locator -->By.xpath: //button[text()='Sign Out']
15:40:50.330  INFO  manager.MyListener - After Find Element by locatorBy.xpath: //button[text()='Sign Out']
15:40:55.428  INFO  manager.MyListener - The name of error method  is -->findElement
15:40:55.443  INFO  manager.MyListener - Description of  Exception --->org.openqa.selenium.NoSuchElementException: no such element: Unable to locate element: {"method":"xpath","selector":"//input[1]"}
  (Session info: chrome=103.0.5060.134)
For documentation on this error, please visit: https://selenium.dev/exceptions/#no_such_element
Build info: version: '4.2.2', revision: '683ccb65d6'
System info: host: 'MBP-Taya.lan', ip: 'fe80:0:0:0:8a3:7de9:9053:ddfe%en0', os.name: 'Mac OS X', os.arch: 'x86_64', os.version: '11.6.5', java.version: '11.0.15.1'
Driver info: org.openqa.selenium.chrome.ChromeDriver
Command: [f71ddb8c2c264639ddab5e38c3b9e283, findElement {using=xpath, value=//input[1]}]
Capabilities {acceptInsecureCerts: false, browserName: chrome, browserVersion: 103.0.5060.134, chrome: {chromedriverVersion: 103.0.5060.53 (a1711811edd7..., userDataDir: /var/folders/s_/hl4vhy0959g...}, goog:chromeOptions: {debuggerAddress: localhost:50232}, networkConnectionEnabled: false, pageLoadStrategy: normal, platformName: MAC, proxy: Proxy(), se:cdp: ws://localhost:50232/devtoo..., se:cdpVersion: 103.0.5060.134, setWindowRect: true, strictFileInteractability: false, timeouts: {implicit: 0, pageLoad: 300000, script: 30000}, unhandledPromptBehavior: dismiss and notify, webauthn:extension:credBlob: true, webauthn:extension:largeBlob: true, webauthn:virtualAuthenticators: true}
Session ID: f71ddb8c2c264639ddab5e38c3b9e283
