15:54:25.904  INFO  manager.ApplicationManager - All tests run in 'CHROME' browser
15:54:28.190  INFO  manager.ApplicationManager - Current Url ---> https://contacts-app.tobbymarshall815.vercel.app/home
15:54:28.229  INFO  tests.TestBase - Start method with name -->loginNegativeTestsWrongEmail
15:54:28.240  INFO  manager.MyListener - Before Find Element by locator -->By.xpath: //button[text()='Sign Out']
15:54:33.294  INFO  manager.MyListener - After Find Element by locatorBy.xpath: //button[text()='Sign Out']
15:54:33.842  INFO  manager.MyListener - Before Find Element by locator -->By.xpath: //button[text()='Sign Out']
15:54:34.572  INFO  manager.MyListener - After Find Element by locatorBy.xpath: //button[text()='Sign Out']
15:54:34.698  INFO  tests.TestBase - Start method with name -->loginSuccess
15:54:34.701  INFO  manager.MyListener - Before Find Element by locator -->By.xpath: //button[text()='Sign Out']
15:54:39.752  INFO  manager.MyListener - After Find Element by locatorBy.xpath: //button[text()='Sign Out']
15:54:40.357  INFO  manager.MyListener - Before Find Element by locator -->By.xpath: //button[text()='Sign Out']
15:54:40.639  INFO  manager.MyListener - After Find Element by locatorBy.xpath: //button[text()='Sign Out']
15:54:40.649  INFO  tests.TestBase - Start method with name -->registrationSuccess
15:54:40.651  INFO  manager.MyListener - Before Find Element by locator -->By.xpath: //button[text()='Sign Out']
15:54:40.691  INFO  manager.MyListener - After Find Element by locatorBy.xpath: //button[text()='Sign Out']
15:54:41.540  INFO  tests.TestBase - Start method with name -->addNewContactSuccess
15:54:41.542  INFO  manager.MyListener - Before Find Element by locator -->By.xpath: //button[text()='Sign Out']
15:54:41.766  INFO  manager.MyListener - After Find Element by locatorBy.xpath: //button[text()='Sign Out']
15:54:41.798  INFO  tests.TestBase - Contact is  -->Contact(name=Dolly1174, lastname=Wok, phone=1231231174, email=wook@mail.com, address=TelAviv, description=The best friend)
15:54:43.310  INFO  manager.MyListener - Before Find Element by locator -->By.cssSelector: h2
15:54:43.673  INFO  manager.MyListener - After Find Element by locatorBy.cssSelector: h2
15:54:43.693  INFO  tests.TestBase - Check name - Dolly1174
15:54:43.694  INFO  manager.MyListener - Before Find Element by locator -->By.cssSelector: h3
15:54:43.715  INFO  manager.MyListener - After Find Element by locatorBy.cssSelector: h3
15:54:43.732  INFO  tests.TestBase - Check phone -1231231174
15:54:43.735  INFO  tests.TestBase - Start method with name -->removeAllContactsSuccess
15:54:43.736  INFO  manager.MyListener - Before Find Element by locator -->By.xpath: //button[text()='Sign Out']
15:54:43.752  INFO  manager.MyListener - After Find Element by locatorBy.xpath: //button[text()='Sign Out']
15:54:43.753  INFO  manager.MyListener - Before Find Element by locator -->By.cssSelector: .contact-item_card__2SOIM
15:54:43.775  INFO  manager.MyListener - After Find Element by locatorBy.cssSelector: .contact-item_card__2SOIM
15:54:47.482  INFO  manager.MyListener - Before Find Element by locator -->By.cssSelector: .contact-item_card__2SOIM
15:54:47.754  INFO  manager.MyListener - After Find Element by locatorBy.cssSelector: .contact-item_card__2SOIM
15:54:48.401  INFO  manager.MyListener - Before Find Element by locator -->By.cssSelector: .contact-item_card__2SOIM
15:54:48.439  INFO  manager.MyListener - After Find Element by locatorBy.cssSelector: .contact-item_card__2SOIM
15:54:49.040  INFO  manager.MyListener - Before Find Element by locator -->By.cssSelector: .contact-item_card__2SOIM
15:54:49.079  INFO  manager.MyListener - After Find Element by locatorBy.cssSelector: .contact-item_card__2SOIM
15:54:49.683  INFO  manager.MyListener - Before Find Element by locator -->By.cssSelector: .contact-item_card__2SOIM
15:54:49.709  INFO  manager.MyListener - After Find Element by locatorBy.cssSelector: .contact-item_card__2SOIM
15:54:50.317  INFO  manager.MyListener - Before Find Element by locator -->By.cssSelector: .contact-item_card__2SOIM
15:54:50.335  INFO  manager.MyListener - After Find Element by locatorBy.cssSelector: .contact-item_card__2SOIM
15:54:50.952  INFO  manager.MyListener - Before Find Element by locator -->By.cssSelector: .contact-item_card__2SOIM
15:54:55.961  INFO  manager.MyListener - After Find Element by locatorBy.cssSelector: .contact-item_card__2SOIM
15:54:55.995  INFO  tests.TestBase - Start method with name -->removeOneContactSuccess
15:54:55.996  INFO  manager.MyListener - Before Find Element by locator -->By.xpath: //button[text()='Sign Out']
15:54:56.013  INFO  manager.MyListener - After Find Element by locatorBy.xpath: //button[text()='Sign Out']
15:54:56.013  INFO  manager.MyListener - Before Find Element by locator -->By.cssSelector: .contact-item_card__2SOIM
15:55:01.035  INFO  manager.MyListener - After Find Element by locatorBy.cssSelector: .contact-item_card__2SOIM
15:55:04.701  INFO  manager.MyListener - Before Find Element by locator -->By.cssSelector: .contact-item_card__2SOIM
15:55:04.940  INFO  manager.MyListener - After Find Element by locatorBy.cssSelector: .contact-item_card__2SOIM
15:55:04.940  INFO  manager.HelperBase - Count before remove is 3
15:55:04.941  INFO  manager.MyListener - Before Find Element by locator -->By.cssSelector: .contact-item_card__2SOIM
15:55:04.963  INFO  manager.MyListener - After Find Element by locatorBy.cssSelector: .contact-item_card__2SOIM
15:55:04.963  INFO  manager.HelperBase - List of Contact not Empty
15:55:05.571  INFO  manager.MyListener - Before Find Element by locator -->By.cssSelector: .contact-item_card__2SOIM
15:55:05.591  INFO  manager.MyListener - After Find Element by locatorBy.cssSelector: .contact-item_card__2SOIM
15:55:05.592  INFO  manager.HelperBase - Count after remove is 2
