15:47:10.897  INFO  manager.ApplicationManager - All tests run in 'CHROME' browser
15:47:13.419  INFO  manager.ApplicationManager - Current Url ---> https://contacts-app.tobbymarshall815.vercel.app/home
15:47:13.466  INFO  tests.TestBase - Start method with name -->addNewContactSuccess
15:47:13.469  INFO  manager.MyListener - Before Find Element by locator -->By.xpath: //button[text()='Sign Out']
15:47:18.489  INFO  manager.MyListener - After Find Element by locatorBy.xpath: //button[text()='Sign Out']
15:47:19.038  INFO  tests.TestBase - user
15:47:19.072  INFO  tests.TestBase - Contact is  -->Contact(name=Dolly1244, lastname=Wok, phone=1231231244, email=wook@mail.com, address=TelAviv, description=The best friend)
15:47:20.720  INFO  manager.MyListener - Before Find Element by locator -->By.cssSelector: h2
15:47:21.137  INFO  manager.MyListener - After Find Element by locatorBy.cssSelector: h2
15:47:21.156  INFO  tests.TestBase - Check name - Dolly1244
15:47:21.156  INFO  manager.MyListener - Before Find Element by locator -->By.cssSelector: h3
15:47:21.176  INFO  manager.MyListener - After Find Element by locatorBy.cssSelector: h3
15:47:21.194  INFO  tests.TestBase - Check phone -1231231244
15:47:21.199  INFO  tests.TestBase - Start method with name -->loginNegativeTestsWrongEmail
15:47:21.200  INFO  manager.MyListener - Before Find Element by locator -->By.xpath: //button[text()='Sign Out']
15:47:21.217  INFO  manager.MyListener - After Find Element by locatorBy.xpath: //button[text()='Sign Out']
15:47:21.721  INFO  manager.MyListener - Before Find Element by locator -->By.xpath: //button[text()='Sign Out']
15:47:21.848  INFO  manager.MyListener - After Find Element by locatorBy.xpath: //button[text()='Sign Out']
15:47:21.918  INFO  tests.TestBase - Start method with name -->loginSuccess
15:47:21.920  INFO  manager.MyListener - Before Find Element by locator -->By.xpath: //button[text()='Sign Out']
15:47:27.014  INFO  manager.MyListener - After Find Element by locatorBy.xpath: //button[text()='Sign Out']
15:47:27.657  INFO  manager.MyListener - Before Find Element by locator -->By.xpath: //button[text()='Sign Out']
15:47:27.792  INFO  manager.MyListener - After Find Element by locatorBy.xpath: //button[text()='Sign Out']
15:47:27.794  INFO  tests.TestBase - Start method with name -->registrationSuccess
15:47:27.794  INFO  manager.MyListener - Before Find Element by locator -->By.xpath: //button[text()='Sign Out']
15:47:27.809  INFO  manager.MyListener - After Find Element by locatorBy.xpath: //button[text()='Sign Out']
15:47:28.289  INFO  tests.TestBase - Start method with name -->removeAllContactsSuccess
15:47:28.290  INFO  manager.MyListener - Before Find Element by locator -->By.xpath: //button[text()='Sign Out']
15:47:28.509  INFO  manager.MyListener - After Find Element by locatorBy.xpath: //button[text()='Sign Out']
15:47:28.509  INFO  manager.MyListener - Before Find Element by locator -->By.cssSelector: .contact-item_card__2SOIM
15:47:33.529  INFO  manager.MyListener - After Find Element by locatorBy.cssSelector: .contact-item_card__2SOIM
15:47:37.188  INFO  manager.MyListener - Before Find Element by locator -->By.cssSelector: .contact-item_card__2SOIM
15:47:37.464  INFO  manager.MyListener - After Find Element by locatorBy.cssSelector: .contact-item_card__2SOIM
15:47:38.095  INFO  manager.MyListener - Before Find Element by locator -->By.cssSelector: .contact-item_card__2SOIM
15:47:38.121  INFO  manager.MyListener - After Find Element by locatorBy.cssSelector: .contact-item_card__2SOIM
15:47:38.727  INFO  manager.MyListener - Before Find Element by locator -->By.cssSelector: .contact-item_card__2SOIM
15:47:38.763  INFO  manager.MyListener - After Find Element by locatorBy.cssSelector: .contact-item_card__2SOIM
15:47:39.346  INFO  manager.MyListener - Before Find Element by locator -->By.cssSelector: .contact-item_card__2SOIM
15:47:44.365  INFO  manager.MyListener - After Find Element by locatorBy.cssSelector: .contact-item_card__2SOIM
15:47:44.400  INFO  tests.TestBase - Start method with name -->removeOneContactSuccess
15:47:44.401  INFO  manager.MyListener - Before Find Element by locator -->By.xpath: //button[text()='Sign Out']
15:47:44.418  INFO  manager.MyListener - After Find Element by locatorBy.xpath: //button[text()='Sign Out']
15:47:44.419  INFO  manager.MyListener - Before Find Element by locator -->By.cssSelector: .contact-item_card__2SOIM
15:47:49.441  INFO  manager.MyListener - After Find Element by locatorBy.cssSelector: .contact-item_card__2SOIM
15:47:53.201  INFO  manager.MyListener - Before Find Element by locator -->By.cssSelector: .contact-item_card__2SOIM
15:47:53.475  INFO  manager.MyListener - After Find Element by locatorBy.cssSelector: .contact-item_card__2SOIM
15:47:53.476  INFO  manager.HelperBase - Count before remove is 3
15:47:53.476  INFO  manager.MyListener - Before Find Element by locator -->By.cssSelector: .contact-item_card__2SOIM
15:47:53.498  INFO  manager.MyListener - After Find Element by locatorBy.cssSelector: .contact-item_card__2SOIM
15:47:53.499  INFO  manager.HelperBase - List of Contact not Empty
15:47:54.115  INFO  manager.MyListener - Before Find Element by locator -->By.cssSelector: .contact-item_card__2SOIM
15:47:54.134  INFO  manager.MyListener - After Find Element by locatorBy.cssSelector: .contact-item_card__2SOIM
15:47:54.135  INFO  manager.HelperBase - Count after remove is 2
